-------------------------------------------------------------------------------
Test set: com.accesshq.test.WebTestSuit.PlanetTest
-------------------------------------------------------------------------------
Tests run: 4, Failures: 0, Errors: 4, Skipped: 0, Time elapsed: 12.362 s <<< FAILURE! - in com.accesshq.test.WebTestSuit.PlanetTest
test02  Time elapsed: 3.013 s  <<< ERROR!
org.openqa.selenium.SessionNotCreatedException: 
Could not start a new session. Possible causes are invalid address of the remote server or browser start-up failure.
Build info: version: '4.1.1', revision: 'e8fcc2cecf'
System info: host: 'LAPTOP-UM2SQ17F', ip: '192.168.56.1', os.name: 'Windows 10', os.arch: 'amd64', os.version: '10.0', java.version: '16.0.2'
Driver info: org.openqa.selenium.remote.RemoteWebDriver
Command: [null, newSession {capabilities=[Capabilities {browserName: chrome, goog:chromeOptions: {args: [], extensions: []}}], desiredCapabilities=Capabilities {browserName: chrome, goog:chromeOptions: {args: [], extensions: []}}}]
Capabilities {}
Caused by: java.io.UncheckedIOException: java.net.UnknownHostException: selenium-hub
Caused by: java.net.UnknownHostException: selenium-hub

DistanceMatchTest  Time elapsed: 3.018 s  <<< ERROR!
org.openqa.selenium.SessionNotCreatedException: 
Could not start a new session. Possible causes are invalid address of the remote server or browser start-up failure.
Build info: version: '4.1.1', revision: 'e8fcc2cecf'
System info: host: 'LAPTOP-UM2SQ17F', ip: '192.168.56.1', os.name: 'Windows 10', os.arch: 'amd64', os.version: '10.0', java.version: '16.0.2'
Driver info: org.openqa.selenium.remote.RemoteWebDriver
Command: [null, newSession {capabilities=[Capabilities {browserName: chrome, goog:chromeOptions: {args: [], extensions: []}}], desiredCapabilities=Capabilities {browserName: chrome, goog:chromeOptions: {args: [], extensions: []}}}]
Capabilities {}
Caused by: java.io.UncheckedIOException: java.net.UnknownHostException: selenium-hub
Caused by: java.net.UnknownHostException: selenium-hub

Furthest  Time elapsed: 3.017 s  <<< ERROR!
org.openqa.selenium.SessionNotCreatedException: 
Could not start a new session. Possible causes are invalid address of the remote server or browser start-up failure.
Build info: version: '4.1.1', revision: 'e8fcc2cecf'
System info: host: 'LAPTOP-UM2SQ17F', ip: '192.168.56.1', os.name: 'Windows 10', os.arch: 'amd64', os.version: '10.0', java.version: '16.0.2'
Driver info: org.openqa.selenium.remote.RemoteWebDriver
Command: [null, newSession {capabilities=[Capabilities {browserName: chrome, goog:chromeOptions: {args: [], extensions: []}}], desiredCapabilities=Capabilities {browserName: chrome, goog:chromeOptions: {args: [], extensions: []}}}]
Capabilities {}
Caused by: java.io.UncheckedIOException: java.net.UnknownHostException: selenium-hub
Caused by: java.net.UnknownHostException: selenium-hub

NameTest  Time elapsed: 3.309 s  <<< ERROR!
org.openqa.selenium.SessionNotCreatedException: 
Could not start a new session. Possible causes are invalid address of the remote server or browser start-up failure.
Build info: version: '4.1.1', revision: 'e8fcc2cecf'
System info: host: 'LAPTOP-UM2SQ17F', ip: '192.168.56.1', os.name: 'Windows 10', os.arch: 'amd64', os.version: '10.0', java.version: '16.0.2'
Driver info: org.openqa.selenium.remote.RemoteWebDriver
Command: [null, newSession {capabilities=[Capabilities {browserName: chrome, goog:chromeOptions: {args: [], extensions: []}}], desiredCapabilities=Capabilities {browserName: chrome, goog:chromeOptions: {args: [], extensions: []}}}]
Capabilities {}
Caused by: java.io.UncheckedIOException: java.net.UnknownHostException: No such host is known (selenium-hub)
Caused by: java.net.UnknownHostException: No such host is known (selenium-hub)

